<?xml version="1.0" encoding="UTF-8"?>
<testsuite xmlns:xsi="http://www.w3.org/2001/XMLSchema-instance" xsi:noNamespaceSchemaLocation="https://maven.apache.org/surefire/maven-surefire-plugin/xsd/surefire-test-report.xsd" version="3.0.2" name="edu.uts.saberpro.SaberproApplicationTests" time="6.268" tests="1" errors="0" skipped="0" failures="0">
  <properties>
[...]
</properties>
  <testcase name="contextLoads" classname="edu.uts.saberpro.SaberproApplicationTests" time="0.506">
    <system-out><![CDATA[05:04:47.818 [main] INFO org.springframework.test.context.support.AnnotationConfigContextLoaderUtils -- Could not detect default configuration classes for test class [edu.uts.saberpro.SaberproApplicationTests]: SaberproApplicationTests does not declare any static, non-private, non-final, nested classes annotated with @Configuration.
05:04:47.923 [main] INFO org.springframework.boot.test.context.SpringBootTestContextBootstrapper -- Found @SpringBootConfiguration edu.uts.saberpro.SaberproApplication for test class edu.uts.saberpro.SaberproApplicationTests
05:04:48.039 [main] INFO org.springframework.boot.devtools.restart.RestartApplicationListener -- Restart disabled due to context in which it is running

  .   ____          _            __ _ _
 /\\ / ___'_ __ _ _(_)_ __  __ _ \ \ \ \
( ( )\___ | '_ | '_| | '_ \/ _` | \ \ \ \
 \\/  ___)| |_)| | | | | || (_| |  ) ) ) )
  '  |____| .__|_| |_|_| |_\__, | / / / /
 =========|_|==============|___/=/_/_/_/

 :: Spring Boot ::               (v3.4.10)

2025-10-18T05:04:48.249-05:00  INFO 19736 --- [saberpro] [           main] e.uts.saberpro.SaberproApplicationTests  : Starting SaberproApplicationTests using Java 21.0.8 with PID 19736 (started by HAVR in C:\TRABAJOS\saberpro)
2025-10-18T05:04:48.250-05:00  INFO 19736 --- [saberpro] [           main] e.uts.saberpro.SaberproApplicationTests  : No active profile set, falling back to 1 default profile: "default"
2025-10-18T05:04:48.826-05:00  INFO 19736 --- [saberpro] [           main] .s.d.r.c.RepositoryConfigurationDelegate : Bootstrapping Spring Data MongoDB repositories in DEFAULT mode.
2025-10-18T05:04:48.866-05:00  INFO 19736 --- [saberpro] [           main] .s.d.r.c.RepositoryConfigurationDelegate : Finished Spring Data repository scanning in 34 ms. Found 2 MongoDB repository interfaces.
2025-10-18T05:04:49.424-05:00  INFO 19736 --- [saberpro] [           main] org.mongodb.driver.client                : MongoClient with metadata {"driver": {"name": "mongo-java-driver|sync|spring-boot", "version": "5.2.1"}, "os": {"type": "Windows", "name": "Windows 11", "architecture": "amd64", "version": "10.0"}, "platform": "Java/Eclipse Adoptium/21.0.8+9-LTS"} created with settings MongoClientSettings{readPreference=primary, writeConcern=WriteConcern{w=null, wTimeout=null ms, journal=null}, retryWrites=true, retryReads=true, readConcern=ReadConcern{level=null}, credential=MongoCredential{mechanism=null, userName='hantoniovr_db_user', source='admin', password=<hidden>, mechanismProperties=<hidden>}, transportSettings=null, commandListeners=[], codecRegistry=ProvidersCodecRegistry{codecProviders=[ValueCodecProvider{}, BsonValueCodecProvider{}, DBRefCodecProvider{}, DBObjectCodecProvider{}, DocumentCodecProvider{}, CollectionCodecProvider{}, IterableCodecProvider{}, MapCodecProvider{}, GeoJsonCodecProvider{}, GridFSFileCodecProvider{}, Jsr310CodecProvider{}, JsonObjectCodecProvider{}, BsonCodecProvider{}, EnumCodecProvider{}, com.mongodb.client.model.mql.ExpressionCodecProvider@433d9680, com.mongodb.Jep395RecordCodecProvider@566e142, com.mongodb.KotlinCodecProvider@2da81754]}, loggerSettings=LoggerSettings{maxDocumentLength=1000}, clusterSettings={hosts=[127.0.0.1:27017], srvHost=mongohavr.qz7sphg.mongodb.net, srvServiceName=mongodb, mode=MULTIPLE, requiredClusterType=REPLICA_SET, requiredReplicaSetName='atlas-q7pktm-shard-0', serverSelector='null', clusterListeners='[]', serverSelectionTimeout='30000 ms', localThreshold='15 ms'}, socketSettings=SocketSettings{connectTimeoutMS=10000, readTimeoutMS=0, receiveBufferSize=0, proxySettings=ProxySettings{host=null, port=null, username=null, password=null}}, heartbeatSocketSettings=SocketSettings{connectTimeoutMS=10000, readTimeoutMS=10000, receiveBufferSize=0, proxySettings=ProxySettings{host=null, port=null, username=null, password=null}}, connectionPoolSettings=ConnectionPoolSettings{maxSize=100, minSize=0, maxWaitTimeMS=120000, maxConnectionLifeTimeMS=0, maxConnectionIdleTimeMS=0, maintenanceInitialDelayMS=0, maintenanceFrequencyMS=60000, connectionPoolListeners=[], maxConnecting=2}, serverSettings=ServerSettings{heartbeatFrequencyMS=10000, minHeartbeatFrequencyMS=500, serverMonitoringMode=AUTO, serverListeners='[]', serverMonitorListeners='[]'}, sslSettings=SslSettings{enabled=true, invalidHostNameAllowed=false, context=null}, applicationName='null', compressorList=[], uuidRepresentation=JAVA_LEGACY, serverApi=null, autoEncryptionSettings=null, dnsClient=null, inetAddressResolver=null, contextProvider=null, timeoutMS=null}
2025-10-18T05:04:49.703-05:00  INFO 19736 --- [saberpro] [           main] r$InitializeUserDetailsManagerConfigurer : Global AuthenticationManager configured with UserDetailsService bean with name customUserDetailsService
2025-10-18T05:04:50.126-05:00  INFO 19736 --- [saberpro] [           main] e.uts.saberpro.SaberproApplicationTests  : Started SaberproApplicationTests in 2.097 seconds (process running for 3.051)
2025-10-18T05:04:50.196-05:00  INFO 19736 --- [saberpro] [           main] org.mongodb.driver.cluster               : Waiting for server to become available for operation with ID 2. Remaining time: 29994 ms. Selector: ReadPreferenceServerSelector{readPreference=primary}, topology description: {type=UNKNOWN, servers=[].
2025-10-18T05:04:50.600-05:00  INFO 19736 --- [saberpro] [phg.mongodb.net] org.mongodb.driver.cluster               : Adding discovered server ac-oblbnu0-shard-00-00.qz7sphg.mongodb.net:27017 to client view of cluster
2025-10-18T05:04:50.616-05:00  INFO 19736 --- [saberpro] [phg.mongodb.net] org.mongodb.driver.cluster               : Adding discovered server ac-oblbnu0-shard-00-02.qz7sphg.mongodb.net:27017 to client view of cluster
2025-10-18T05:04:50.618-05:00  INFO 19736 --- [saberpro] [phg.mongodb.net] org.mongodb.driver.cluster               : Adding discovered server ac-oblbnu0-shard-00-01.qz7sphg.mongodb.net:27017 to client view of cluster
2025-10-18T05:04:51.866-05:00  INFO 19736 --- [saberpro] [ngodb.net:27017] org.mongodb.driver.cluster               : Monitor thread successfully connected to server with description ServerDescription{address=ac-oblbnu0-shard-00-00.qz7sphg.mongodb.net:27017, type=REPLICA_SET_SECONDARY, cryptd=false, state=CONNECTED, ok=true, minWireVersion=0, maxWireVersion=25, maxDocumentSize=16777216, logicalSessionTimeoutMinutes=30, roundTripTimeNanos=867998901, minRoundTripTimeNanos=0, setName='atlas-q7pktm-shard-0', canonicalAddress=ac-oblbnu0-shard-00-00.qz7sphg.mongodb.net:27017, hosts=[ac-oblbnu0-shard-00-00.qz7sphg.mongodb.net:27017, ac-oblbnu0-shard-00-01.qz7sphg.mongodb.net:27017, ac-oblbnu0-shard-00-02.qz7sphg.mongodb.net:27017], passives=[], arbiters=[], primary='ac-oblbnu0-shard-00-02.qz7sphg.mongodb.net:27017', tagSet=TagSet{[Tag{name='availabilityZone', value='us-central1-b'}, Tag{name='diskState', value='READY'}, Tag{name='nodeType', value='ELECTABLE'}, Tag{name='provider', value='GCP'}, Tag{name='region', value='CENTRAL_US'}, Tag{name='workloadType', value='OPERATIONAL'}]}, electionId=null, setVersion=316, topologyVersion=TopologyVersion{processId=68efa933080ccc7d9c3c403a, counter=4}, lastWriteDate=Sat Oct 18 05:04:52 COT 2025, lastUpdateTimeNanos=277523087148800}
2025-10-18T05:04:51.866-05:00  INFO 19736 --- [saberpro] [ngodb.net:27017] org.mongodb.driver.cluster               : Monitor thread successfully connected to server with description ServerDescription{address=ac-oblbnu0-shard-00-02.qz7sphg.mongodb.net:27017, type=REPLICA_SET_PRIMARY, cryptd=false, state=CONNECTED, ok=true, minWireVersion=0, maxWireVersion=25, maxDocumentSize=16777216, logicalSessionTimeoutMinutes=30, roundTripTimeNanos=867999201, minRoundTripTimeNanos=0, setName='atlas-q7pktm-shard-0', canonicalAddress=ac-oblbnu0-shard-00-02.qz7sphg.mongodb.net:27017, hosts=[ac-oblbnu0-shard-00-00.qz7sphg.mongodb.net:27017, ac-oblbnu0-shard-00-01.qz7sphg.mongodb.net:27017, ac-oblbnu0-shard-00-02.qz7sphg.mongodb.net:27017], passives=[], arbiters=[], primary='ac-oblbnu0-shard-00-02.qz7sphg.mongodb.net:27017', tagSet=TagSet{[Tag{name='availabilityZone', value='us-central1-f'}, Tag{name='diskState', value='READY'}, Tag{name='nodeType', value='ELECTABLE'}, Tag{name='provider', value='GCP'}, Tag{name='region', value='CENTRAL_US'}, Tag{name='workloadType', value='OPERATIONAL'}]}, electionId=7fffffff00000000000003c3, setVersion=316, topologyVersion=TopologyVersion{processId=68efa975345bb9f51affb74e, counter=6}, lastWriteDate=Sat Oct 18 05:04:52 COT 2025, lastUpdateTimeNanos=277523087148900}
2025-10-18T05:04:51.866-05:00  INFO 19736 --- [saberpro] [ngodb.net:27017] org.mongodb.driver.cluster               : Monitor thread successfully connected to server with description ServerDescription{address=ac-oblbnu0-shard-00-01.qz7sphg.mongodb.net:27017, type=REPLICA_SET_SECONDARY, cryptd=false, state=CONNECTED, ok=true, minWireVersion=0, maxWireVersion=25, maxDocumentSize=16777216, logicalSessionTimeoutMinutes=30, roundTripTimeNanos=867999001, minRoundTripTimeNanos=0, setName='atlas-q7pktm-shard-0', canonicalAddress=ac-oblbnu0-shard-00-01.qz7sphg.mongodb.net:27017, hosts=[ac-oblbnu0-shard-00-00.qz7sphg.mongodb.net:27017, ac-oblbnu0-shard-00-01.qz7sphg.mongodb.net:27017, ac-oblbnu0-shard-00-02.qz7sphg.mongodb.net:27017], passives=[], arbiters=[], primary='ac-oblbnu0-shard-00-02.qz7sphg.mongodb.net:27017', tagSet=TagSet{[Tag{name='availabilityZone', value='us-central1-c'}, Tag{name='diskState', value='READY'}, Tag{name='nodeType', value='ELECTABLE'}, Tag{name='provider', value='GCP'}, Tag{name='region', value='CENTRAL_US'}, Tag{name='workloadType', value='OPERATIONAL'}]}, electionId=null, setVersion=316, topologyVersion=TopologyVersion{processId=68efa9b357a3902c8b4d6451, counter=3}, lastWriteDate=Sat Oct 18 05:04:52 COT 2025, lastUpdateTimeNanos=277523087148800}
2025-10-18T05:04:51.868-05:00  INFO 19736 --- [saberpro] [ngodb.net:27017] org.mongodb.driver.cluster               : Discovered replica set primary ac-oblbnu0-shard-00-02.qz7sphg.mongodb.net:27017 with max election id 7fffffff00000000000003c3 and max set version 316
ℹ️ Los datos ya existen, no se insertaron duplicados.
]]></system-out>
    <system-err><![CDATA[Mockito is currently self-attaching to enable the inline-mock-maker. This will no longer work in future releases of the JDK. Please add Mockito as an agent to your build what is described in Mockito's documentation: https://javadoc.io/doc/org.mockito/mockito-core/latest/org/mockito/Mockito.html#0.3
WARNING: A Java agent has been loaded dynamically (C:\Users\HAVR\.m2\repository\net\bytebuddy\byte-buddy-agent\1.15.11\byte-buddy-agent-1.15.11.jar)
WARNING: If a serviceability tool is in use, please run with -XX:+EnableDynamicAgentLoading to hide this warning
WARNING: If a serviceability tool is not in use, please run with -Djdk.instrument.traceUsage for more information
WARNING: Dynamic loading of agents will be disallowed by default in a future release
]]></system-err>
  </testcase>
</testsuite>